0 info it worked if it ends with ok
1 verbose cli [ '/usr/local/bin/node', '/usr/local/bin/npm', 'run', 'devtest' ]
2 info using npm@3.10.8
3 info using node@v6.5.0
4 verbose run-script [ 'predevtest', 'devtest', 'postdevtest' ]
5 info lifecycle Neighbor-Maps@1.0.0~predevtest: Neighbor-Maps@1.0.0
6 silly lifecycle Neighbor-Maps@1.0.0~predevtest: no script for predevtest, continuing
7 info lifecycle Neighbor-Maps@1.0.0~devtest: Neighbor-Maps@1.0.0
8 verbose lifecycle Neighbor-Maps@1.0.0~devtest: unsafe-perm in lifecycle true
9 verbose lifecycle Neighbor-Maps@1.0.0~devtest: PATH: /usr/local/lib/node_modules/npm/bin/node-gyp-bin:/Users/carlosfrias/Documents/Dev/Udacity/Neighbor-Maps/node_modules/.bin:/Users/carlosfrias/.npm-global/bin:/usr/local/bin:/usr/bin:/bin:/usr/sbin:/sbin:/Users/carlosfrias/.yarn/bin
10 verbose lifecycle Neighbor-Maps@1.0.0~devtest: CWD: /Users/carlosfrias/Documents/Dev/Udacity/Neighbor-Maps
11 silly lifecycle Neighbor-Maps@1.0.0~devtest: Args: [ '-c',
11 silly lifecycle   'webpack-dev-server --config webpack.tests.config.babel.js' ]
12 silly lifecycle Neighbor-Maps@1.0.0~devtest: Returned: code: 1  signal: null
13 info lifecycle Neighbor-Maps@1.0.0~devtest: Failed to exec devtest script
14 verbose stack Error: Neighbor-Maps@1.0.0 devtest: `webpack-dev-server --config webpack.tests.config.babel.js`
14 verbose stack Exit status 1
14 verbose stack     at EventEmitter.<anonymous> (/usr/local/lib/node_modules/npm/lib/utils/lifecycle.js:255:16)
14 verbose stack     at emitTwo (events.js:106:13)
14 verbose stack     at EventEmitter.emit (events.js:191:7)
14 verbose stack     at ChildProcess.<anonymous> (/usr/local/lib/node_modules/npm/lib/utils/spawn.js:40:14)
14 verbose stack     at emitTwo (events.js:106:13)
14 verbose stack     at ChildProcess.emit (events.js:191:7)
14 verbose stack     at maybeClose (internal/child_process.js:877:16)
14 verbose stack     at Process.ChildProcess._handle.onexit (internal/child_process.js:226:5)
15 verbose pkgid Neighbor-Maps@1.0.0
16 verbose cwd /Users/carlosfrias/Documents/Dev/Udacity/Neighbor-Maps
17 error Darwin 16.1.0
18 error argv "/usr/local/bin/node" "/usr/local/bin/npm" "run" "devtest"
19 error node v6.5.0
20 error npm  v3.10.8
21 error code ELIFECYCLE
22 error Neighbor-Maps@1.0.0 devtest: `webpack-dev-server --config webpack.tests.config.babel.js`
22 error Exit status 1
23 error Failed at the Neighbor-Maps@1.0.0 devtest script 'webpack-dev-server --config webpack.tests.config.babel.js'.
23 error Make sure you have the latest version of node.js and npm installed.
23 error If you do, this is most likely a problem with the Neighbor-Maps package,
23 error not with npm itself.
23 error Tell the author that this fails on your system:
23 error     webpack-dev-server --config webpack.tests.config.babel.js
23 error You can get information on how to open an issue for this project with:
23 error     npm bugs Neighbor-Maps
23 error Or if that isn't available, you can get their info via:
23 error     npm owner ls Neighbor-Maps
23 error There is likely additional logging output above.
24 verbose exit [ 1, true ]
